[debug] [2018-03-14T19:10:09.003Z] ----------------------------------------------------------------------
[debug] [2018-03-14T19:10:09.005Z] Command:       /usr/local/Cellar/node/9.3.0_1/bin/node /usr/local/bin/firebase serve
[debug] [2018-03-14T19:10:09.005Z] CLI Version:   3.17.5
[debug] [2018-03-14T19:10:09.005Z] Platform:      darwin
[debug] [2018-03-14T19:10:09.005Z] Node Version:  v9.3.0
[debug] [2018-03-14T19:10:09.006Z] Time:          Wed Mar 14 2018 14:10:09 GMT-0500 (CDT)
[debug] [2018-03-14T19:10:09.006Z] ----------------------------------------------------------------------
[debug] 
[debug] [2018-03-14T19:10:09.021Z] > command requires scopes: ["email","openid","https://www.googleapis.com/auth/cloudplatformprojects.readonly","https://www.googleapis.com/auth/firebase","https://www.googleapis.com/auth/cloud-platform"]
[debug] [2018-03-14T19:10:09.021Z] > authorizing via signed-in user
[debug] [2018-03-14T19:10:09.022Z] > refreshing access token with scopes: ["email","https://www.googleapis.com/auth/cloud-platform","https://www.googleapis.com/auth/cloudplatformprojects.readonly","https://www.googleapis.com/auth/firebase","openid"]
[debug] [2018-03-14T19:10:09.023Z] >>> HTTP REQUEST POST https://www.googleapis.com/oauth2/v3/token  
 { refresh_token: '1/P1Nf0C6yqUUZi3_cFpzNlV-KCt8zsfHWd5XrDEEk5w5hy8OuYIajRrAQRPsU-c2M',
  client_id: '563584335869-fgrhgmd47bqnekij5i8b5pr03ho849e6.apps.googleusercontent.com',
  client_secret: 'j9iVZfS8kkCEFUPaAeJV0sAi',
  grant_type: 'refresh_token',
  scope: 'email https://www.googleapis.com/auth/cloud-platform https://www.googleapis.com/auth/cloudplatformprojects.readonly https://www.googleapis.com/auth/firebase openid' } 
 Wed Mar 14 2018 14:10:09 GMT-0500 (CDT)
[debug] [2018-03-14T19:10:09.185Z] <<< HTTP RESPONSE 200
[debug] [2018-03-14T19:10:09.203Z] >>> HTTP REQUEST GET https://admin.firebase.com/v1/projects/caboose-f06da  
  
 Wed Mar 14 2018 14:10:09 GMT-0500 (CDT)
[debug] [2018-03-14T19:10:09.603Z] <<< HTTP RESPONSE 200
[debug] [2018-03-14T19:10:09.604Z] >>> HTTP REQUEST GET https://admin.firebase.com/v1/database/caboose-f06da/tokens  
  
 Wed Mar 14 2018 14:10:09 GMT-0500 (CDT)
[debug] [2018-03-14T19:10:10.166Z] <<< HTTP RESPONSE 200
[debug] [2018-03-14T19:10:10.167Z] >>> HTTP REQUEST GET https://cloudresourcemanager.googleapis.com/v1/projects/caboose-f06da  
  
 Wed Mar 14 2018 14:10:10 GMT-0500 (CDT)
[debug] [2018-03-14T19:10:10.391Z] <<< HTTP RESPONSE 200
[info] 
[info] === Serving from '/Users/monircederstrom'...
[info] 
[debug] [2018-03-14T19:10:10.393Z] >>> HTTP REQUEST GET https://mobilesdk-pa.googleapis.com/v1/projects/891538147778/clients/_:getWebAppConfig  
  
 Wed Mar 14 2018 14:10:10 GMT-0500 (CDT)
[debug] [2018-03-14T19:10:12.011Z] <<< HTTP RESPONSE 200
[info] i  hosting: Serving hosting files from: public
[info] ✔  hosting: Local server: http://localhost:5000

